<?xml version="1.0" encoding="UTF-8"?>
<!-- Generated by org.testng.reporters.JUnitReportReporter -->
<testsuite hostname="LAPTOP-IDO47SIU" failures="0" tests="3" name="TestCases.DashboardPageTest" time="22.726" errors="0" timestamp="2022-06-08T21:06:08 IST" skipped="0">
  <testcase classname="TestCases.DashboardPageTest" name="verifyEmailIdTest" time="7.075"/>
  <system-out/>
  <testcase classname="TestCases.DashboardPageTest" name="verifynameTest" time="6.630"/>
  <system-out/>
  <testcase classname="TestCases.DashboardPageTest" name="verifyPlaceGttOrder" time="9.021"/>
  <system-out/>
</testsuite> <!-- TestCases.DashboardPageTest -->
