<?xml version="1.0" encoding="UTF-8"?>
<!-- Generated by org.testng.reporters.JUnitReportReporter -->
<testsuite hostname="LAPTOP-IDO47SIU" failures="0" tests="4" name="TestCases.LoginPageTest" time="21.972" errors="0" timestamp="2022-06-08T19:54:54 IST" skipped="2">
  <testcase classname="TestCases.LoginPageTest" name="verifyLoginToApp" time="5.847"/>
  <system-out/>
  <testcase classname="TestCases.LoginPageTest" name="zerodhaTitleVerifyTest" time="16.125"/>
  <system-out/>
  <testcase classname="TestCases.LoginPageTest" name="zerodhaLogoVerifyTest">
    <skipped/>
  </testcase> <!-- zerodhaLogoVerifyTest -->
  <system-out/>
  <testcase classname="TestCases.LoginPageTest" name="kiteLogoVerifyTest">
    <skipped/>
  </testcase> <!-- kiteLogoVerifyTest -->
  <system-out/>
</testsuite> <!-- TestCases.LoginPageTest -->
